This is .bashrc
 - - - - - - - - - - - - - - - - - - - - - - - - - - - - - - - - -
  SEQ =    1 TIME SLICE  0.0000E+00
  PROCESSING INPUT.2b40_freeBoundary
  THIS IS PARVMEC (PARALLEL VMEC), VERSION 9.0
  Lambda: Full Radial Mesh. L-Force: hybrid full/half.

  COMPUTER: draco03   OS: linux   RELEASE: x86_64  DATE = Dec 21,2020  TIME = 13:17:52
  Opening vacuum field file: ../20201221-01-019-mgrid_NR192_NZ256_NPHI64/mgrid_2b40c16.nc
  Time to read MGRID file:   4.34E-01 s

  NS =   11 NO. FOURIER MODES =  288 FTOLV =  1.000E-30 NITER =   2000
  PROCESSOR COUNT - RADIAL:    5  VACUUM:   32
 INITIAL JACOBIAN CHANGED SIGN!
 TRYING TO IMPROVE INITIAL MAGNETIC AXIS GUESS
  ---- Improved AXIS Guess ----
      RAXIS_CC =    1.01057916748268       0.240729813803141     
  9.875486902484751E-004 -2.360165112690093E-002  8.443299260794845E-003
  8.495147236038820E-003 -5.330816402186642E-003 -3.332660396480009E-003
  5.434576782414329E-003  1.343357262654631E-003 -3.902287252941784E-003
  3.102403626370516E-004  2.076032739784758E-003
      ZAXIS_CS =   0.000000000000000E+000 -0.140954006730017     
  2.749778382310149E-002  6.602319820750116E-003 -1.339372371514501E-002
 -1.444686610481414E-003  2.105623818295608E-003 -2.050387943195957E-003
 -8.160162938236825E-004  3.701415521490272E-003  3.214974269502395E-003
  5.062698338048214E-004  1.724377791527791E-003
  -----------------------------

  ITER    FSQR      FSQZ      FSQL    RAX(v=0)    DELT        WMHD      DEL-BSQ

    1  4.38E-01  1.27E-01  1.56E-01  1.242E+00  6.00E-01  4.8726E-01  1.000E+00

  In VACUUM, np =  2  mf = 13  nf = 12 nu = 30  nv =   64
  2*pi * a * -BPOL(vac) =   1.07E-07 TOROIDAL CURRENT =  -1.71E-16
  R * BTOR(vac) =   1.00E+00 R * BTOR(plasma) =   1.00E+00

  VACUUM PRESSURE TURNED ON AT   64 ITERATIONS

  200  5.45E-07  1.07E-07  2.74E-07  1.225E+00  6.00E-01  4.5437E-01  4.486E-03
  400  1.73E-08  2.03E-09  7.36E-09  1.234E+00  6.00E-01  4.5435E-01  1.490E-03
  600  1.29E-09  1.85E-10  1.65E-09  1.234E+00  6.00E-01  4.5436E-01  7.988E-04
  800  1.95E-10  3.29E-11  6.20E-10  1.234E+00  6.00E-01  4.5436E-01  6.527E-04
 1000  3.41E-11  6.00E-12  1.50E-10  1.234E+00  6.00E-01  4.5436E-01  6.173E-04
 1200  1.08E-11  1.24E-12  5.01E-11  1.234E+00  6.00E-01  4.5436E-01  6.134E-04
 1400  2.83E-12  3.73E-13  1.56E-11  1.234E+00  6.00E-01  4.5436E-01  6.193E-04
 1600  7.87E-13  1.34E-13  5.03E-12  1.234E+00  6.00E-01  4.5436E-01  6.245E-04
 1800  2.68E-13  5.79E-14  1.24E-12  1.234E+00  6.00E-01  4.5436E-01  6.284E-04
 2000  1.19E-13  2.59E-14  3.23E-13  1.234E+00  6.00E-01  4.5436E-01  6.302E-04

  NS =   25 NO. FOURIER MODES =  288 FTOLV =  1.000E-30 NITER =   2000
  PROCESSOR COUNT - RADIAL:   12  VACUUM:   32

  ITER    FSQR      FSQZ      FSQL    RAX(v=0)    DELT        WMHD      DEL-BSQ

    1  3.09E+00  1.06E+00  1.12E-04  1.234E+00  6.00E-01  4.5437E-01  6.302E-04
  200  4.42E-09  1.04E-09  1.37E-09  1.235E+00  6.00E-01  4.5433E-01  4.090E-04
  400  1.74E-10  2.66E-11  1.24E-10  1.234E+00  6.00E-01  4.5432E-01  3.440E-04
  600  2.11E-11  3.46E-12  2.92E-11  1.234E+00  6.00E-01  4.5432E-01  3.312E-04
  800  6.20E-12  1.20E-12  9.58E-12  1.234E+00  6.00E-01  4.5432E-01  3.299E-04
 1000  1.79E-12  3.45E-13  2.76E-12  1.234E+00  6.00E-01  4.5432E-01  3.334E-04
 1200  5.46E-13  1.22E-13  1.12E-12  1.234E+00  6.00E-01  4.5432E-01  3.375E-04
 1400  2.30E-13  6.14E-14  4.72E-13  1.234E+00  6.00E-01  4.5432E-01  3.406E-04
 1600  1.09E-13  3.44E-14  2.43E-13  1.234E+00  6.00E-01  4.5432E-01  3.426E-04
 1800  8.96E-14  4.54E-14  1.45E-13  1.234E+00  6.00E-01  4.5432E-01  3.442E-04
 2000  3.94E-14  1.95E-14  6.88E-14  1.234E+00  6.00E-01  4.5432E-01  3.456E-04

  NS =   51 NO. FOURIER MODES =  288 FTOLV =  1.000E-30 NITER =   2500
  PROCESSOR COUNT - RADIAL:   25  VACUUM:   32

  ITER    FSQR      FSQZ      FSQL    RAX(v=0)    DELT        WMHD      DEL-BSQ

    1  5.09E+00  1.75E+00  9.69E-06  1.234E+00  6.00E-01  4.5432E-01  3.456E-04
  200  3.97E-09  6.92E-10  1.76E-10  1.234E+00  6.00E-01  4.5432E-01  2.831E-04
  400  1.01E-10  1.43E-11  1.74E-11  1.234E+00  6.00E-01  4.5432E-01  2.642E-04
  600  1.60E-11  3.09E-12  7.32E-12  1.234E+00  6.00E-01  4.5432E-01  2.573E-04
  800  4.12E-12  9.68E-13  3.31E-12  1.234E+00  6.00E-01  4.5432E-01  2.596E-04
 1000  1.95E-12  4.39E-13  1.51E-12  1.234E+00  6.00E-01  4.5432E-01  2.645E-04
 1200  1.00E-12  2.36E-13  5.98E-13  1.234E+00  6.00E-01  4.5432E-01  2.691E-04
 1400  3.79E-13  1.09E-13  3.19E-13  1.234E+00  6.00E-01  4.5432E-01  2.727E-04
 1600  2.60E-13  9.19E-14  1.70E-13  1.234E+00  6.00E-01  4.5432E-01  2.758E-04
 1800  1.19E-13  5.19E-14  9.67E-14  1.234E+00  6.00E-01  4.5432E-01  2.779E-04
 2000  6.43E-14  3.32E-14  5.65E-14  1.234E+00  6.00E-01  4.5432E-01  2.790E-04
 2200  6.76E-14  4.59E-14  4.73E-14  1.234E+00  6.00E-01  4.5432E-01  2.799E-04
 2400  3.73E-14  2.15E-14  3.08E-14  1.234E+00  6.00E-01  4.5432E-01  2.803E-04
 2500  2.96E-14  1.70E-14  2.56E-14  1.234E+00  6.00E-01  4.5432E-01  2.804E-04

  NS =   75 NO. FOURIER MODES =  288 FTOLV =  1.000E-30 NITER =   3000
  PROCESSOR COUNT - RADIAL:   32  VACUUM:   32

  ITER    FSQR      FSQZ      FSQL    RAX(v=0)    DELT        WMHD      DEL-BSQ

    1  2.93E+00  1.01E+00  8.31E-07  1.234E+00  6.00E-01  4.5432E-01  2.804E-04
  200  7.36E-10  1.53E-10  1.93E-11  1.234E+00  6.00E-01  4.5432E-01  2.618E-04
  400  3.39E-11  6.22E-12  2.15E-12  1.234E+00  6.00E-01  4.5432E-01  2.565E-04
  600  4.80E-12  1.02E-12  1.01E-12  1.234E+00  6.00E-01  4.5432E-01  2.545E-04
  800  1.82E-12  3.84E-13  5.42E-13  1.234E+00  6.00E-01  4.5432E-01  2.557E-04
 1000  5.95E-13  1.67E-13  3.22E-13  1.234E+00  6.00E-01  4.5432E-01  2.571E-04
 1200  3.43E-13  1.05E-13  1.74E-13  1.234E+00  6.00E-01  4.5432E-01  2.587E-04
 1400  2.98E-13  1.28E-13  1.21E-13  1.234E+00  6.00E-01  4.5432E-01  2.601E-04
 1600  1.60E-13  9.26E-14  7.00E-14  1.234E+00  6.00E-01  4.5432E-01  2.612E-04
 1800  1.30E-13  7.61E-14  5.46E-14  1.234E+00  6.00E-01  4.5432E-01  2.618E-04
 2000  7.99E-14  4.89E-14  3.75E-14  1.234E+00  6.00E-01  4.5432E-01  2.622E-04
 2200  5.23E-14  3.34E-14  2.65E-14  1.234E+00  6.00E-01  4.5432E-01  2.624E-04
 2400  6.34E-14  4.00E-14  2.75E-14  1.234E+00  6.00E-01  4.5432E-01  2.627E-04
 2600  5.73E-14  3.68E-14  2.13E-14  1.234E+00  6.00E-01  4.5432E-01  2.629E-04
 2800  4.00E-14  2.49E-14  1.78E-14  1.234E+00  6.00E-01  4.5432E-01  2.631E-04
 3000  4.69E-14  2.79E-14  1.43E-14  1.234E+00  6.00E-01  4.5432E-01  2.632E-04

  NS =  101 NO. FOURIER MODES =  288 FTOLV =  1.000E-30 NITER =   3500
  PROCESSOR COUNT - RADIAL:   32  VACUUM:   32

  ITER    FSQR      FSQZ      FSQL    RAX(v=0)    DELT        WMHD      DEL-BSQ

    1  2.54E+00  8.80E-01  2.99E-07  1.234E+00  6.00E-01  4.5432E-01  2.632E-04
  200  4.23E-10  1.07E-10  7.55E-12  1.234E+00  6.00E-01  4.5432E-01  2.523E-04
  400  2.40E-11  6.45E-12  8.51E-13  1.234E+00  6.00E-01  4.5432E-01  2.480E-04
  600  4.59E-12  8.16E-13  3.41E-13  1.234E+00  6.00E-01  4.5432E-01  2.466E-04
  800  1.02E-12  1.96E-13  2.15E-13  1.234E+00  6.00E-01  4.5432E-01  2.466E-04
 1000  5.55E-13  1.59E-13  1.49E-13  1.234E+00  6.00E-01  4.5432E-01  2.474E-04
 1200  3.05E-13  1.31E-13  9.67E-14  1.234E+00  6.00E-01  4.5432E-01  2.482E-04
 1400  1.77E-13  8.49E-14  6.48E-14  1.234E+00  6.00E-01  4.5432E-01  2.487E-04
 1600  9.45E-14  4.76E-14  4.13E-14  1.234E+00  6.00E-01  4.5432E-01  2.491E-04
 1800  2.35E-13  1.12E-13  4.31E-14  1.234E+00  6.00E-01  4.5432E-01  2.495E-04
 2000  5.87E-14  3.66E-14  2.22E-14  1.234E+00  6.00E-01  4.5432E-01  2.497E-04
 2200  6.96E-14  3.52E-14  1.91E-14  1.234E+00  6.00E-01  4.5432E-01  2.499E-04
 2400  5.90E-14  3.36E-14  1.59E-14  1.234E+00  6.00E-01  4.5432E-01  2.500E-04
 2600  9.58E-14  5.12E-14  1.47E-14  1.234E+00  6.00E-01  4.5432E-01  2.502E-04
 2800  8.00E-14  4.55E-14  1.50E-14  1.234E+00  6.00E-01  4.5432E-01  2.503E-04
 3000  5.88E-14  3.48E-14  1.31E-14  1.234E+00  6.00E-01  4.5432E-01  2.504E-04
 3200  6.28E-14  4.17E-14  1.58E-14  1.234E+00  6.00E-01  4.5432E-01  2.504E-04
 3400  2.46E-14  1.40E-14  7.62E-15  1.234E+00  6.00E-01  4.5432E-01  2.505E-04
 3500  2.65E-14  2.14E-14  9.43E-15  1.234E+00  6.00E-01  4.5432E-01  2.505E-04

  NS =  150 NO. FOURIER MODES =  288 FTOLV =  1.000E-30 NITER =   4000
  PROCESSOR COUNT - RADIAL:   32  VACUUM:   32

  ITER    FSQR      FSQZ      FSQL    RAX(v=0)    DELT        WMHD      DEL-BSQ

    1  6.06E+00  2.10E+00  2.11E-07  1.234E+00  6.00E-01  4.5432E-01  2.505E-04
  200  3.88E-04  1.67E-03  1.32E-06  1.234E+00  5.40E-01  4.5435E-01  9.756E-04
  400  5.37E-08  3.08E-08  6.24E-09  1.234E+00  5.24E-01  4.5434E-01  2.742E-04
  600  4.58E-09  1.76E-09  1.72E-10  1.234E+00  5.24E-01  4.5432E-01  2.298E-04
  800  1.20E-09  3.94E-10  2.47E-11  1.234E+00  5.24E-01  4.5432E-01  2.262E-04
 1000  3.99E-10  9.17E-11  4.99E-12  1.234E+00  5.24E-01  4.5432E-01  2.337E-04
 1200  8.95E-11  1.52E-11  1.10E-12  1.234E+00  5.24E-01  4.5432E-01  2.337E-04
 1400  2.29E-11  3.98E-12  4.72E-13  1.234E+00  5.24E-01  4.5432E-01  2.335E-04
 1600  1.14E-11  2.32E-12  2.51E-13  1.234E+00  5.24E-01  4.5432E-01  2.339E-04
 1800  4.42E-12  8.32E-13  1.76E-13  1.234E+00  5.24E-01  4.5432E-01  2.338E-04
 2000  2.12E-12  5.17E-13  1.08E-13  1.234E+00  5.24E-01  4.5432E-01  2.340E-04
 2200  6.27E-13  1.86E-13  7.14E-14  1.234E+00  5.24E-01  4.5432E-01  2.340E-04
 2400  2.65E-13  7.91E-14  5.13E-14  1.234E+00  5.24E-01  4.5432E-01  2.342E-04
 2600  1.42E-13  4.99E-14  4.20E-14  1.234E+00  5.24E-01  4.5432E-01  2.343E-04
 2800  9.09E-14  3.89E-14  3.46E-14  1.234E+00  5.24E-01  4.5432E-01  2.345E-04
 3000  7.84E-14  3.40E-14  2.71E-14  1.234E+00  5.24E-01  4.5432E-01  2.346E-04
 3200  8.74E-14  6.50E-14  2.77E-14  1.234E+00  5.24E-01  4.5432E-01  2.347E-04
 3400  1.16E-13  7.65E-14  2.24E-14  1.234E+00  5.24E-01  4.5432E-01  2.348E-04
 3600  9.60E-14  6.25E-14  1.75E-14  1.234E+00  5.24E-01  4.5432E-01  2.348E-04
 3800  1.10E-13  8.13E-14  1.62E-14  1.234E+00  5.24E-01  4.5432E-01  2.349E-04
 4000  6.93E-14  3.29E-14  1.14E-14  1.234E+00  5.24E-01  4.5432E-01  2.349E-04

  NS =  201 NO. FOURIER MODES =  288 FTOLV =  1.000E-30 NITER =   4500
  PROCESSOR COUNT - RADIAL:   32  VACUUM:   32

  ITER    FSQR      FSQZ      FSQL    RAX(v=0)    DELT        WMHD      DEL-BSQ

    1  4.89E+00  1.69E+00  7.60E-08  1.234E+00  6.00E-01  4.5432E-01  2.349E-04
  200  1.66E-05  3.52E-05  1.13E-06  1.234E+00  4.58E-01  4.5445E-01  8.105E-04
  400  2.25E-10  5.64E-11  1.87E-12  1.234E+00  4.58E-01  4.5432E-01  2.327E-04
  600  1.82E-11  4.48E-12  2.67E-13  1.234E+00  4.58E-01  4.5432E-01  2.244E-04
  800  5.00E-12  1.23E-12  1.18E-13  1.234E+00  4.58E-01  4.5432E-01  2.233E-04
 1000  2.24E-12  5.89E-13  8.58E-14  1.234E+00  4.58E-01  4.5432E-01  2.235E-04
 1200  1.22E-12  3.32E-13  6.52E-14  1.234E+00  4.58E-01  4.5432E-01  2.236E-04
 1400  8.50E-13  2.50E-13  4.93E-14  1.234E+00  4.58E-01  4.5432E-01  2.239E-04
 1600  5.10E-13  1.81E-13  3.67E-14  1.234E+00  4.58E-01  4.5432E-01  2.243E-04
 1800  2.11E-13  8.31E-14  2.61E-14  1.234E+00  4.58E-01  4.5432E-01  2.245E-04
 2000  1.67E-13  7.69E-14  2.26E-14  1.234E+00  4.58E-01  4.5432E-01  2.245E-04
 2200  1.59E-13  6.11E-14  1.91E-14  1.234E+00  4.58E-01  4.5432E-01  2.245E-04
 2400  8.43E-14  6.12E-14  1.64E-14  1.234E+00  4.58E-01  4.5432E-01  2.246E-04
 2600  7.46E-14  5.04E-14  1.61E-14  1.234E+00  4.58E-01  4.5432E-01  2.246E-04
 2800  6.56E-14  4.69E-14  1.25E-14  1.234E+00  4.58E-01  4.5432E-01  2.247E-04
 3000  1.08E-13  7.30E-14  1.20E-14  1.234E+00  4.58E-01  4.5432E-01  2.247E-04
 3200  6.67E-14  3.73E-14  9.75E-15  1.234E+00  4.58E-01  4.5432E-01  2.247E-04
 3400  1.72E-13  8.92E-14  1.07E-14  1.234E+00  4.58E-01  4.5432E-01  2.247E-04
 3600  7.79E-14  4.88E-14  8.95E-15  1.234E+00  4.58E-01  4.5432E-01  2.248E-04
 3800  8.34E-14  6.46E-14  7.73E-15  1.234E+00  4.58E-01  4.5432E-01  2.248E-04
 4000  1.02E-13  6.14E-14  6.67E-15  1.234E+00  4.58E-01  4.5432E-01  2.248E-04
 4200  5.34E-14  3.19E-14  6.74E-15  1.234E+00  4.58E-01  4.5432E-01  2.248E-04
 4400  3.85E-14  2.41E-14  5.14E-15  1.234E+00  4.58E-01  4.5432E-01  2.248E-04
 4500  3.26E-14  2.05E-14  5.16E-15  1.234E+00  4.58E-01  4.5432E-01  2.248E-04

  NS =  301 NO. FOURIER MODES =  288 FTOLV =  1.000E-30 NITER =   5000
  PROCESSOR COUNT - RADIAL:   32  VACUUM:   32

  ITER    FSQR      FSQZ      FSQL    RAX(v=0)    DELT        WMHD      DEL-BSQ

    1  1.25E+01  4.34E+00  7.63E-08  1.234E+00  6.00E-01  4.5432E-01  2.248E-04
  200  4.62E-04  2.16E-03  5.80E-07  1.234E+00  3.82E-01  4.5440E-01  1.332E-03
  400  1.53E-06  5.79E-07  1.77E-08  1.234E+00  3.71E-01  4.5433E-01  4.664E-04
  600  1.10E-07  4.15E-08  7.90E-10  1.234E+00  3.71E-01  4.5432E-01  3.044E-04
  800  2.13E-08  8.20E-09  1.65E-10  1.234E+00  3.71E-01  4.5432E-01  2.243E-04
 1000  7.72E-09  2.68E-09  4.57E-11  1.234E+00  3.71E-01  4.5432E-01  2.165E-04
 1200  3.97E-09  1.16E-09  1.47E-11  1.234E+00  3.71E-01  4.5432E-01  2.108E-04
 1400  1.67E-09  3.35E-10  4.94E-12  1.234E+00  3.71E-01  4.5432E-01  2.184E-04
 1600  6.54E-10  1.18E-10  2.03E-12  1.234E+00  3.71E-01  4.5432E-01  2.171E-04
 1800  2.59E-10  4.06E-11  9.54E-13  1.234E+00  3.71E-01  4.5432E-01  2.151E-04
 2000  1.10E-10  1.73E-11  5.86E-13  1.234E+00  3.71E-01  4.5432E-01  2.152E-04
 2200  6.21E-11  1.12E-11  4.38E-13  1.234E+00  3.71E-01  4.5432E-01  2.155E-04
 2400  4.30E-11  6.62E-12  3.32E-13  1.234E+00  3.71E-01  4.5432E-01  2.162E-04
 2600  2.65E-11  5.51E-12  2.39E-13  1.234E+00  3.71E-01  4.5432E-01  2.165E-04
 2800  1.61E-11  3.82E-12  1.70E-13  1.234E+00  3.71E-01  4.5432E-01  2.161E-04
 3000  8.80E-12  2.02E-12  1.24E-13  1.234E+00  3.71E-01  4.5432E-01  2.159E-04
 3200  4.39E-12  1.09E-12  9.12E-14  1.234E+00  3.71E-01  4.5432E-01  2.160E-04
 3400  2.45E-12  5.51E-13  7.02E-14  1.234E+00  3.71E-01  4.5432E-01  2.160E-04
 3600  9.28E-13  2.51E-13  5.81E-14  1.234E+00  3.71E-01  4.5432E-01  2.161E-04
 3800  5.62E-13  1.75E-13  4.87E-14  1.234E+00  3.71E-01  4.5432E-01  2.161E-04
 4000  3.10E-13  1.14E-13  4.16E-14  1.234E+00  3.71E-01  4.5432E-01  2.161E-04
 4200  1.90E-13  8.05E-14  3.76E-14  1.234E+00  3.71E-01  4.5432E-01  2.161E-04
 4400  2.40E-13  1.12E-13  3.42E-14  1.234E+00  3.71E-01  4.5432E-01  2.162E-04
 4600  1.69E-13  7.68E-14  3.08E-14  1.234E+00  3.71E-01  4.5432E-01  2.162E-04
 4800  1.50E-13  6.94E-14  2.82E-14  1.234E+00  3.71E-01  4.5432E-01  2.162E-04
 5000  1.16E-13  4.77E-14  2.45E-14  1.234E+00  3.71E-01  4.5432E-01  2.162E-04

  NS =  401 NO. FOURIER MODES =  288 FTOLV =  5.000E-14 NITER =  30000
  PROCESSOR COUNT - RADIAL:   32  VACUUM:   32

  ITER    FSQR      FSQZ      FSQL    RAX(v=0)    DELT        WMHD      DEL-BSQ

    1  9.40E+00  3.26E+00  2.55E-08  1.234E+00  6.00E-01  4.5432E-01  2.162E-04
  200  1.28E-08  1.31E-08  8.91E-12  1.234E+00  3.10E-01  4.5431E-01  2.253E-04
  400  2.80E-10  9.63E-11  3.96E-13  1.234E+00  3.10E-01  4.5432E-01  2.167E-04
  600  5.34E-11  1.22E-11  1.09E-13  1.234E+00  3.10E-01  4.5432E-01  2.108E-04
  800  1.49E-11  4.49E-12  6.24E-14  1.234E+00  3.10E-01  4.5432E-01  2.087E-04
 1000  7.14E-12  2.26E-12  4.59E-14  1.234E+00  3.10E-01  4.5432E-01  2.080E-04
 1200  4.64E-12  1.35E-12  3.92E-14  1.234E+00  3.10E-01  4.5432E-01  2.079E-04
 1400  3.19E-12  9.89E-13  3.48E-14  1.234E+00  3.10E-01  4.5432E-01  2.080E-04
 1600  2.47E-12  7.38E-13  3.05E-14  1.234E+00  3.10E-01  4.5432E-01  2.079E-04
 1800  1.56E-12  4.94E-13  2.75E-14  1.234E+00  3.10E-01  4.5432E-01  2.079E-04
 2000  9.32E-13  2.85E-13  2.25E-14  1.234E+00  3.10E-01  4.5432E-01  2.079E-04
 2200  6.30E-13  2.15E-13  2.08E-14  1.234E+00  3.10E-01  4.5432E-01  2.081E-04
 2400  3.95E-13  1.47E-13  1.80E-14  1.234E+00  3.10E-01  4.5432E-01  2.083E-04
 2600  2.83E-13  1.06E-13  1.60E-14  1.234E+00  3.10E-01  4.5432E-01  2.084E-04
 2800  1.93E-13  7.86E-14  1.46E-14  1.234E+00  3.10E-01  4.5432E-01  2.085E-04
 3000  1.74E-13  7.62E-14  1.37E-14  1.234E+00  3.10E-01  4.5432E-01  2.085E-04
 3200  1.28E-13  5.97E-14  1.19E-14  1.234E+00  3.10E-01  4.5432E-01  2.085E-04
 3400  1.27E-13  7.48E-14  1.33E-14  1.234E+00  3.10E-01  4.5432E-01  2.085E-04
 3600  1.60E-13  1.02E-13  1.12E-14  1.234E+00  3.10E-01  4.5432E-01  2.085E-04
 3800  1.30E-13  7.50E-14  1.03E-14  1.234E+00  3.10E-01  4.5432E-01  2.085E-04
 4000  1.38E-13  7.18E-14  9.84E-15  1.234E+00  3.10E-01  4.5432E-01  2.085E-04
 4200  1.40E-13  6.56E-14  8.78E-15  1.234E+00  3.10E-01  4.5432E-01  2.086E-04
 4400  1.86E-13  9.08E-14  8.68E-15  1.234E+00  3.10E-01  4.5432E-01  2.085E-04
 4600  1.54E-13  8.94E-14  7.93E-15  1.234E+00  3.10E-01  4.5432E-01  2.086E-04
 4800  1.78E-13  1.00E-13  7.80E-15  1.234E+00  3.10E-01  4.5432E-01  2.086E-04
 5000  1.69E-13  1.01E-13  7.70E-15  1.234E+00  3.10E-01  4.5432E-01  2.086E-04
 5200  1.79E-13  8.57E-14  7.18E-15  1.234E+00  3.10E-01  4.5432E-01  2.086E-04
 5400  1.24E-13  7.46E-14  7.40E-15  1.234E+00  3.10E-01  4.5432E-01  2.086E-04
 5600  9.10E-14  5.25E-14  6.02E-15  1.234E+00  3.10E-01  4.5432E-01  2.086E-04
 5800  8.96E-14  3.54E-14  5.34E-15  1.234E+00  3.10E-01  4.5432E-01  2.086E-04
 6000  9.66E-14  4.72E-14  5.05E-15  1.234E+00  3.10E-01  4.5432E-01  2.086E-04
 6136  4.97E-14  2.48E-14  4.43E-15  1.234E+00  3.10E-01  4.5432E-01  2.086E-04

 EXECUTION TERMINATED NORMALLY

 FILE : 2b40_freeBoundary
 NUMBER OF JACOBIAN RESETS =    6

    TOTAL COMPUTATIONAL TIME (SEC)       547.15
    TIME TO INPUT/OUTPUT                  25.55
       READ IN DATA                        0.44
       WRITE OUT DATA TO WOUT             25.11
    TIME IN FUNCT3D                      519.02
       BCOVAR FIELDS                      50.14
       FOURIER TRANSFORM                  48.67
       INVERSE FOURIER TRANSFORM          67.61
       FORCES AND SYMMETRIZE              43.09
       RESIDUE                            56.64
       EQFORCE                             0.00
       FREE BOUNDARY (VACUUM)            196.58
          VACUUM SURFACE                  36.29
          VACUUM BEXTERN                   3.83
          VACUUM SCALPOT                  89.32
             ANALYT                       20.29
                ASUM                       0.35
                ASUM2                     14.52
                ALLREDUCE                 10.06
             GREENF                        7.28
             FOURP                        11.28
             ALLREDUCE                     3.55
             ALLGATHER                     0.00
             FOURI                        14.93
          VACUUM ALLGATHER                 8.29
          VACUUM SOLVER                   55.86
 
 NO. OF PROCS:    32
 PARVMEC     :     T
 LPRECOND    :     F
 LV3FITCALL  :     F
                                  
================================= 
Global information about the job: 
================================= 
  
Job owner: mlan(29968)
Job name:  mgrid
Node list: dra0766
Job start: Mon Dec 21 13:17:49 CET 2020
Job end:   Mon Dec 21 13:27:03 CET 2020
Work dir:  /ptmp/mlan/20201221-01-CFQS_VMEC_SFINCS_NBI_ECH/20201221-01-020-vmec_fullBeta_NR192_NZ256_NPHI64_mpol12_ntor12_ns401/./
Command:   /draco/ptmp/mlan/20201221-01-CFQS_VMEC_SFINCS_NBI_ECH/20201221-01-020-vmec_fullBeta_NR192_NZ256_NPHI64_mpol12_ntor12_ns401/job
  
  
  
==========================================================================================
Information on jobsteps (Note: MaxRSS/AveRSS is the maximum/average over all 
tasks of the per-task memory high-water marks; cf. "man sacct"): 
==========================================================================================
  
       JobID    JobName NNodes NTasks  NCPUS       MaxRSS       AveRSS    Elapsed ExitCode 
------------ ---------- ------ ------ ------ ------------ ------------ ---------- -------- 
18213690          mgrid      1            64                             00:09:14      0:0 
18213690.0    xvmec2000      1     32     32      399.17M      355.94M   00:09:12      0:0 
  
Maximum memory per node: 13.0799 GB (defined as MaxRSS*Ntasks/NNodes)
CPU utilization: 98.9 %
     
